<?xml version="1.0" encoding="UTF-8"?>
<!-- Generated by org.testng.reporters.JUnitReportReporter -->
<testsuite skipped="0" hostname="saraths-MBP.attlocal.net" name="TestScenarios.GoogleScenarios" tests="1" failures="0" timestamp="2024-07-09T02:16:50 EDT" time="5.586" errors="0">
  <testcase name="searchg" time="5.586" classname="TestScenarios.GoogleScenarios"/>
  <system-out/>
</testsuite> <!-- TestScenarios.GoogleScenarios -->
